Arguments: 
  C:\Program Files\nodejs\node.exe C:\Program Files (x86)\Yarn\bin\yarn.js dev

PATH: 
  D:\Programmes\cmder\bin;D:\Programmes\cmder\vendor\bin;D:\Programmes\cmder\vendor\conemu-maximus5\ConEmu\Scripts;D:\Programmes\cmder\vendor\conemu-maximus5;D:\Programmes\cmder\vendor\conemu-maximus5\ConEmu;C:\Program Files (x86)\Common Files\Intel\Shared Libraries\redist\intel64\compiler;C:\ProgramData\Oracle\Java\javapath;C:\Program Files (x86)\Razer Chroma SDK\bin;C:\Program Files\Razer Chroma SDK\bin;C:\windows\system32;C:\windows;C:\windows\System32\Wbem;C:\windows\System32\WindowsPowerShell\v1.0\;C:\WINDOWS\system32;C:\WINDOWS;C:\WINDOWS\System32\Wbem;C:\WINDOWS\System32\WindowsPowerShell\v1.0\;C:\Program Files (x86)\GtkSharp\2.12\bin;C:\Program Files (x86)\NVIDIA Corporation\PhysX\Common;C:\WINDOWS\system32;C:\WINDOWS;C:\WINDOWS\System32\Wbem;C:\WINDOWS\System32\WindowsPowerShell\v1.0\;C:\WINDOWS\system32\config\systemprofile\AppData\Local\Microsoft\WindowsApps;C:\Program Files\Common Files\Autodesk Shared\;C:\Program Files\RedHat\java-1.8.0-openjdk-1.8.0.144-1\bin;C:\MinGW;D:\Documents\WAMP\bin\php\php7.1.9;C:\ProgramData\chocolatey\bin;C:\Program Files\Java\jdk1.8.0_152\bin;D:\Programmes\android-sdk\tools;D:\Programmes\android-sdk\platform-tools;C:\Program Files\nodejs;D:\Programmes\composer;D:\Programmes\Putty\;C:\Program Files\nodejs\;C:\Program Files (x86)\Yarn\bin\;C:\Users\Florian\AppData\Roaming\npm;C:\Users\Florian\AppData\Roaming\npm\node_modules\@angular\cli\bin;D:\Documents\WAMP\bin\mysql\mysql5.7.19\bin;C:\Program Files\Git\cmd;C:\WINDOWS\System32\OpenSSH\;C:\Program Files (x86)\Microsoft VS Code\bin;C:\Program Files\MongoDB\Server\4.0\bin;C:\Program Files (x86)\Microsoft VS Code\bin;C:\Users\Florian\AppData\Local\Microsoft\WindowsApps;C:\Users\Florian\AppData\Roaming\Dashlane\6.1846.0.15081\bin\Firefox_Extension\{442718d9-475e-452a-b3e1-fb1ee16b8e9f}\components;C:\Users\Florian\AppData\Roaming\Dashlane\6.1846.0.15081\ucrt;C:\Users\Florian\AppData\Roaming\Dashlane\6.1846.0.15081\bin\Qt;C:\Users\Florian\AppData\Roaming\Dashlane\6.1846.0.15081\ucrt;C:\Users\Florian\AppData\Roaming\Dashlane\6.1846.0.15081\bin\Ssl;C:\Program Files\Git\cmd;C:\Program Files\Git\mingw64\bin;C:\Program Files\Git\usr\bin;D:\Programmes\cmder

Yarn version: 
  1.5.1

Node version: 
  8.10.0

Platform: 
  win32 x64

npm manifest: 
  No manifest

yarn manifest: 
  No manifest

Lockfile: 
  No lockfile

Trace: 
  Error: Couldn't find a package.json file in "d:\\Documents\\IMAC\\3.IMAC3\\IntelligenceArtificielle\\project"
      at new MessageError (C:\Program Files (x86)\Yarn\lib\cli.js:186:110)
      at C:\Program Files (x86)\Yarn\lib\cli.js:40048:15
      at Generator.next (<anonymous>)
      at step (C:\Program Files (x86)\Yarn\lib\cli.js:98:30)
      at C:\Program Files (x86)\Yarn\lib\cli.js:109:13
      at <anonymous>
